Arguments: 
  /usr/local/share/nvm/versions/node/v24.12.0/bin/node /usr/share/yarn/bin/yarn.js install

PATH: 
  /opt/git/bin:/usr/local/rvm/gems/ruby-3.2.3/bin:/usr/local/rvm/gems/ruby-3.2.3@global/bin:/usr/local/rvm/rubies/ruby-3.2.3/bin:/vscode/1.89.1.24130/bin/remote-cli:/opt/conda/condabin:/home/codespace/.dotnet:/home/codespace/nvm/current/bin:/home/codespace/.php/current/bin:/home/codespace/.python/current/bin:/home/codespace/java/current/bin:/home/codespace/.ruby/current/bin:/home/codespace/.local/bin:/usr/local/python/current/bin:/usr/local/py-utils/bin:/usr/local/oryx:/usr/local/go/bin:/go/bin:/usr/local/sdkman/bin:/usr/local/sdkman/candidates/java/current/bin:/usr/local/sdkman/candidates/gradle/current/bin:/usr/local/sdkman/candidates/maven/current/bin:/usr/local/sdkman/candidates/ant/current/bin:/usr/local/rvm/gems/default/bin:/usr/local/rvm/gems/default@global/bin:/usr/local/rvm/rubies/default/bin:/usr/local/share/rbenv/bin:/usr/local/php/current/bin:/opt/conda/bin:/usr/local/nvs:/usr/local/share/nvm/versions/node/v24.12.0/bin:/usr/local/hugo/bin:/usr/local/sbin:/usr/local/bin:/usr/sbin:/usr/bin:/sbin:/bin:/usr/share/dotnet:/root/.dotnet/tools:/usr/local/rvm/bin:/root/.local/bin

Yarn version: 
  1.22.19

Node version: 
  24.12.0

Platform: 
  linux x64

Trace: 
  Error: EEXIST: file already exists, mkdir '/project/workspace/node_modules/jest-expo/node_modules/@expo'

npm manifest: 
  {
    "name": "ceodeb",
    "main": "index.js",
    "version": "1.0.0",
    "scripts": {
      "start": "expo start",
      "reset-project": "node ./scripts/reset-project.js",
      "icomoon-type-gen": "node ./scripts/ico-types.js",
      "prebuild": "expo prebuild",
      "android": "expo run:android",
      "export:web": "npx expo export -p web && yarn workspace onboarding build",
      "ios": "expo run:ios",
      "web": "expo start --web",
      "test": "jest --watchAll",
      "lint": "expo lint",
      "install-pdep": "npx check-peer-dependencies --runOnlyOnRootDependencies --yarn --install",
      "check-pkg-updates": "npx npm-check-updates --peer --format group",
      "doctor": "npx expo-doctor"
    },
    "jest": {
      "preset": "jest-expo"
    },
    "dependencies": {
      "@babel/plugin-proposal-export-namespace-from": "^7.18.9",
      "@babel/preset-env": "7.26.9",
      "@expo-google-fonts/inter": "^0.4.1",
      "@expo/vector-icons": "^14.0.4",
      "@openspacelabs/react-native-zoomable-view": "^2.3.1",
      "@react-native-clipboard/clipboard": "^1.16.3",
      "@react-native-picker/picker": "^2.11.0",
      "@react-navigation/drawer": "^7.1.1",
      "@react-navigation/material-top-tabs": "^7.1.0",
      "@shopify/flash-list": "1.7.3",
      "@shopify/react-native-skia": "v2.0.0-next.4",
      "@tanstack/react-form": "^0.45.1",
      "@tanstack/react-query": "^5.76.1",
      "@ungap/structured-clone": "^1.3.0",
      "axios": "^1.7.9",
      "blaze-slider": "^1.9.3",
      "date-fns": "^4.1.0",
      "expo": "^53.0.9",
      "expo-av": "~15.0.2",
      "expo-clipboard": "~7.0.1",
      "expo-constants": "~17.0.7",
      "expo-dev-client": "~5.0.12",
      "expo-document-picker": "~13.0.3",
      "expo-file-system": "~18.0.11",
      "expo-font": "^13.3.1",
      "expo-image-picker": "~16.0.6",
      "expo-linear-gradient": "^14.1.4",
      "expo-linking": "~7.0.5",
      "expo-router": "^4.0.17",
      "expo-secure-store": "^14.0.1",
      "expo-splash-screen": "~0.29.22",
      "expo-status-bar": "~2.0.1",
      "expo-system-ui": "~4.0.8",
      "expo-web-browser": "~14.0.2",
      "file-saver": "^2.0.5",
      "firebase": "^11.7.1",
      "install": "^0.13.0",
      "keen-slider": "^6.8.6",
      "react": "18.3.1",
      "react-dom": "18.3.1",
      "react-native": "0.76.7",
      "react-native-chart-kit": "^6.12.0",
      "react-native-element-dropdown": "^2.12.4",
      "react-native-flexible-grid": "^0.2.3",
      "react-native-gesture-handler": "~2.24.0",
      "react-native-image-picker": "^8.1.0",
      "react-native-maps": "1.20.1",
      "react-native-markdown-display": "^7.0.2",
      "react-native-pager-view": "6.5.1",
      "react-native-paper": "^5.14.4",
      "react-native-paper-dates": "https://github.com/AnomalousLLC/react-native-paper-dates.git",
      "react-native-reanimated": "^3.17.0",
      "react-native-safe-area-context": "5.2.0",
      "react-native-screens": "~4.9.1",
      "react-native-size-matters": "^0.4.2",
      "react-native-svg": "^15.12.0",
      "react-native-tab-view": "^4.0.6",
      "react-native-vector-icons": "^10.2.0",
      "react-native-video": "^6.10.2",
      "react-native-web": "~0.19.13",
      "react-native-webview": "^13.13.2",
      "remeda": "^2.20.2",
      "valtio": "^2.1.3",
      "victory-native": "^41.16.1",
      "webpack": "5.98.0",
      "zustand": "^5.0.3"
    },
    "devDependencies": {
      "@babel/core": "^7.26.9",
      "@faker-js/faker": "^9.5.0",
      "@react-native-community/cli": "latest",
      "@types/file-saver": "^2",
      "@types/jest": "^29.5.14",
      "@types/react": "18.3.18",
      "@types/react-test-renderer": "^19.0.0",
      "eslint-plugin-valtio": "^0.8.0",
      "jest": "^29.7.0",
      "jest-expo": "~52.0.5",
      "react-native-svg-transformer": "^1.5.1",
      "react-test-renderer": "18.2.0",
      "typescript": "~5.7.3"
    },
    "private": true,
    "packageManager": "yarn@1.22.22",
    "workspaces": [
      "packages/*"
    ]
  }

yarn manifest: 
  No manifest

Lockfile: 
  No lockfile
